\BOOKMARK [1][-]{section.1}{Prima lezione: Introduzione}{}% 1
\BOOKMARK [2][-]{subsection.1.1}{Teoria dei grafi}{section.1}% 2
\BOOKMARK [2][-]{subsection.1.2}{Metodi di conteggio}{section.1}% 3
\BOOKMARK [2][-]{subsection.1.3}{Relazioni di ricorrenza}{section.1}% 4
\BOOKMARK [1][-]{section.2}{Seconda lezione: Grafi orientati e non orientati}{}% 5
\BOOKMARK [2][-]{subsection.2.1}{Grafi non orientati}{section.2}% 6
\BOOKMARK [3][-]{subsubsection.2.1.1}{Terminologia}{subsection.2.1}% 7
\BOOKMARK [3][-]{subsubsection.2.1.2}{Alcuni grafi}{subsection.2.1}% 8
\BOOKMARK [2][-]{subsection.2.2}{Grafi orientati}{section.2}% 9
\BOOKMARK [3][-]{subsubsection.2.2.1}{Terminologia}{subsection.2.2}% 10
\BOOKMARK [3][-]{subsubsection.2.2.2}{Propriet\340 dei grafi orientati}{subsection.2.2}% 11
\BOOKMARK [3][-]{subsubsection.2.2.3}{Rappresentazione di grafi mediante matrici}{subsection.2.2}% 12
\BOOKMARK [1][-]{section.3}{Terza lezione: Connettivit\340}{}% 13
\BOOKMARK [2][-]{subsection.3.1}{Calcolo delle componenti connesse}{section.3}% 14
\BOOKMARK [2][-]{subsection.3.2}{Connettivit\340}{section.3}% 15
\BOOKMARK [3][-]{subsubsection.3.2.1}{Connettivit\340 \(sui vertici\)}{subsection.3.2}% 16
\BOOKMARK [3][-]{subsubsection.3.2.2}{Disequazioni}{subsection.3.2}% 17
\BOOKMARK [2][-]{subsection.3.3}{Affidabilit\340 di una rete}{section.3}% 18
\BOOKMARK [1][-]{section.4}{Quarta lezione: Grafi bipartiti e isomorfi}{}% 19
\BOOKMARK [2][-]{subsection.4.1}{Grafi bipartiti}{section.4}% 20
\BOOKMARK [3][-]{subsubsection.4.1.1}{Condizione necessaria E sufficiente}{subsection.4.1}% 21
\BOOKMARK [3][-]{subsubsection.4.1.2}{Algoritmo per bipartizione}{subsection.4.1}% 22
\BOOKMARK [2][-]{subsection.4.2}{Grafi isomorfi}{section.4}% 23
\BOOKMARK [3][-]{subsubsection.4.2.1}{Condizioni necessarie}{subsection.4.2}% 24
\BOOKMARK [1][-]{section.5}{Quinta lezione: Foreste, alberi e cammini}{}% 25
\BOOKMARK [2][-]{subsection.5.1}{Definizioni}{section.5}% 26
\BOOKMARK [2][-]{subsection.5.2}{Albero di peso minimo. Algoritmo di Kruskal.}{section.5}% 27
\BOOKMARK [2][-]{subsection.5.3}{Esercizi}{section.5}% 28
\BOOKMARK [1][-]{section.6}{Sesta lezione: Grafi planari}{}% 29
\BOOKMARK [2][-]{subsection.6.1}{Minori}{section.6}% 30
\BOOKMARK [2][-]{subsection.6.2}{Teorema di Kuratowski}{section.6}% 31
\BOOKMARK [2][-]{subsection.6.3}{Disegni equivalenti per grafi planari:}{section.6}% 32
\BOOKMARK [3][-]{subsubsection.6.3.1}{Metodo del cerchio e delle corde}{subsection.6.3}% 33
\BOOKMARK [3][-]{subsubsection.6.3.2}{Esempi}{subsection.6.3}% 34
\BOOKMARK [2][-]{subsection.6.4}{Formula di Eulero}{section.6}% 35
\BOOKMARK [2][-]{subsection.6.5}{Politopi convessi}{section.6}% 36
\BOOKMARK [3][-]{subsubsection.6.5.1}{Corollari}{subsection.6.5}% 37
\BOOKMARK [2][-]{subsection.6.6}{Problema dei 4 colori}{section.6}% 38
\BOOKMARK [1][-]{section.7}{Settima lezione: I circuiti hamiltoniani}{}% 39
\BOOKMARK [2][-]{subsection.7.1}{Circuiti hamiltoniani}{section.7}% 40
\BOOKMARK [3][-]{subsubsection.7.1.1}{Condizioni necessarie}{subsection.7.1}% 41
\BOOKMARK [3][-]{subsubsection.7.1.2}{Condizioni sufficienti per l'esistenza di un ciclo hamiltoniano}{subsection.7.1}% 42
\BOOKMARK [2][-]{subsection.7.2}{Regole per costuire un ciclo Hamiltoniano}{section.7}% 43
\BOOKMARK [2][-]{subsection.7.3}{Percorsi euleriani}{section.7}% 44
\BOOKMARK [3][-]{subsubsection.7.3.1}{Algoritmo per trovare un percorso euleriano}{subsection.7.3}% 45
\BOOKMARK [1][-]{section.8}{Esercizi svolti}{}% 46
\BOOKMARK [1][-]{section.9}{Ottava lezione: Calcolo combinatorio}{}% 47
\BOOKMARK [2][-]{subsection.9.1}{Principio di addizione}{section.9}% 48
\BOOKMARK [2][-]{subsection.9.2}{Principio di moltiplicazione}{section.9}% 49
\BOOKMARK [2][-]{subsection.9.3}{Permutazioni e combinazioni semplici}{section.9}% 50
\BOOKMARK [2][-]{subsection.9.4}{Esempi}{section.9}% 51
\BOOKMARK [1][-]{section.10}{Decima lezione:}{}% 52
\BOOKMARK [2][-]{subsection.10.1}{Triangolo di Pascal/Tartaglia}{section.10}% 53
\BOOKMARK [2][-]{subsection.10.2}{Identit\340 binomiali}{section.10}% 54
\BOOKMARK [2][-]{subsection.10.3}{Esercizi}{section.10}% 55
\BOOKMARK [1][-]{section.11}{Undicesima lezione: Disposizioni con ripetizione}{}% 56
\BOOKMARK [2][-]{subsection.11.1}{Selezioni con ripetizione}{section.11}% 57
\BOOKMARK [2][-]{subsection.11.2}{Distribuzioni di oggetti distinti}{section.11}% 58
\BOOKMARK [2][-]{subsection.11.3}{Distribuzioni di oggetti identici}{section.11}% 59
\BOOKMARK [2][-]{subsection.11.4}{Esercizi}{section.11}% 60
\BOOKMARK [1][-]{section.12}{Dodicesima lezione: Esercizi}{}% 61
\BOOKMARK [2][-]{subsection.12.1}{Esercizi}{section.12}% 62
\BOOKMARK [1][-]{section.13}{Tredicesima lezione: Relazioni di ricorrenza}{}% 63
\BOOKMARK [2][-]{subsection.13.1}{Relazioni di ricorrenza}{section.13}% 64
\BOOKMARK [2][-]{subsection.13.2}{Esempi}{section.13}% 65
\BOOKMARK [2][-]{subsection.13.3}{Dividi e conquista}{section.13}% 66
\BOOKMARK [2][-]{subsection.13.4}{Relazioni lineari omogenee}{section.13}% 67
\BOOKMARK [2][-]{subsection.13.5}{Relazioni non omogenee}{section.13}% 68
\BOOKMARK [1][-]{section.14}{Quattordicesima lezione: Relazioni dividi e conquista}{}% 69
\BOOKMARK [2][-]{subsection.14.1}{Esempi ed esercizi}{section.14}% 70
\BOOKMARK [1][-]{section.15}{Quindicesima lezione: Esercizi}{}% 71
